<?xml version="1.0" encoding="UTF-8"?>
<testsuite xmlns:xsi="http://www.w3.org/2001/XMLSchema-instance" xsi:noNamespaceSchemaLocation="https://maven.apache.org/surefire/maven-surefire-plugin/xsd/surefire-test-report-3.0.xsd" version="3.0" name="TestSuite" time="10.116" tests="1" errors="0" skipped="0" failures="1">
  <properties>
[...]
</properties>
  <testcase name="runScenario[&quot;Successful login&quot;, &quot;Optional[Login]&quot;](1)" classname="runner.TestRunner" time="8.736">
    <failure message="Unable to establish websocket connection to http://localhost:53039/devtools/browser/18259a4e-bf25-4b20-aca9-d1d3894e78d6&#10;Build info: version: &apos;4.1.0&apos;, revision: &apos;87802e897b&apos;&#10;System info: host: &apos;Prabhakarans-MacBook-Pro.local&apos;, ip: &apos;2401:4900:7b85:9719:9e7:519d:50b2:3be%en0&apos;, os.name: &apos;Mac OS X&apos;, os.arch: &apos;x86_64&apos;, os.version: &apos;13.0&apos;, java.version: &apos;21.0.3&apos;&#10;Driver info: driver.version: ChromeDriver" type="org.openqa.selenium.remote.http.ConnectionFailedException"><![CDATA[org.openqa.selenium.remote.http.ConnectionFailedException: 
Unable to establish websocket connection to http://localhost:53039/devtools/browser/18259a4e-bf25-4b20-aca9-d1d3894e78d6
Build info: version: '4.1.0', revision: '87802e897b'
System info: host: 'Prabhakarans-MacBook-Pro.local', ip: '2401:4900:7b85:9719:9e7:519d:50b2:3be%en0', os.name: 'Mac OS X', os.arch: 'x86_64', os.version: '13.0', java.version: '21.0.3'
Driver info: driver.version: ChromeDriver
	at org.openqa.selenium.remote.http.netty.NettyWebSocket.<init>(NettyWebSocket.java:104)
	at org.openqa.selenium.remote.http.netty.NettyWebSocket.lambda$create$3(NettyWebSocket.java:137)
	at org.openqa.selenium.remote.http.netty.NettyClient.openSocket(NettyClient.java:116)
	at org.openqa.selenium.devtools.Connection.<init>(Connection.java:77)
	at org.openqa.selenium.chromium.ChromiumDriver.lambda$new$2(ChromiumDriver.java:124)
	at java.base/java.util.Optional.map(Optional.java:260)
	at org.openqa.selenium.chromium.ChromiumDriver.<init>(ChromiumDriver.java:122)
	at org.openqa.selenium.chrome.ChromeDriver.<init>(ChromeDriver.java:104)
	at org.openqa.selenium.chrome.ChromeDriver.<init>(ChromeDriver.java:91)
	at org.openqa.selenium.chrome.ChromeDriver.<init>(ChromeDriver.java:46)
	at testcase.LoginTest.setUp(LoginTest.java:20)
]]></failure>
    <system-out><![CDATA[
Scenario: Successful login                       # src/test/resources/features/logincase.feature:3
      org.openqa.selenium.remote.http.ConnectionFailedException: Unable to establish websocket connection to http://localhost:53039/devtools/browser/18259a4e-bf25-4b20-aca9-d1d3894e78d6
Build info: version: '4.1.0', revision: '87802e897b'
System info: host: 'Prabhakarans-MacBook-Pro.local', ip: '2401:4900:7b85:9719:9e7:519d:50b2:3be%en0', os.name: 'Mac OS X', os.arch: 'x86_64', os.version: '13.0', java.version: '21.0.3'
Driver info: driver.version: ChromeDriver
	at org.openqa.selenium.remote.http.netty.NettyWebSocket.<init>(NettyWebSocket.java:104)
	at org.openqa.selenium.remote.http.netty.NettyWebSocket.lambda$create$3(NettyWebSocket.java:137)
	at org.openqa.selenium.remote.http.netty.NettyClient.openSocket(NettyClient.java:116)
	at org.openqa.selenium.devtools.Connection.<init>(Connection.java:77)
	at org.openqa.selenium.chromium.ChromiumDriver.lambda$new$2(ChromiumDriver.java:124)
	at java.base/java.util.Optional.map(Optional.java:260)
	at org.openqa.selenium.chromium.ChromiumDriver.<init>(ChromiumDriver.java:122)
	at org.openqa.selenium.chrome.ChromeDriver.<init>(ChromeDriver.java:104)
	at org.openqa.selenium.chrome.ChromeDriver.<init>(ChromeDriver.java:91)
	at org.openqa.selenium.chrome.ChromeDriver.<init>(ChromeDriver.java:46)
	at testcase.LoginTest.setUp(LoginTest.java:20)

  Given the user is on the login page            # testcase.LoginTest.the_user_is_on_the_login_page()
  When the user enters valid credentials         # testcase.LoginTest.the_user_enters_valid_credentials()
  And the user clicks the login button           # testcase.LoginTest.the_user_clicks_the_login_button()
  Then the user should be logged in successfully # testcase.LoginTest.the_user_should_be_logged_in_successfully()
      java.lang.NullPointerException: Cannot invoke "org.openqa.selenium.WebDriver.quit()" because "this.driver" is null
	at testcase.LoginTest.close(LoginTest.java:49)

]]></system-out>
    <system-err><![CDATA[SLF4J: Failed to load class "org.slf4j.impl.StaticLoggerBinder".
SLF4J: Defaulting to no-operation (NOP) logger implementation
SLF4J: See http://www.slf4j.org/codes.html#StaticLoggerBinder for further details.
Starting ChromeDriver 126.0.6478.182 (5b5d8292ddf182f8b2096fa665b473b6317906d5-refs/branch-heads/6478@{#1776}) on port 63026
Only local connections are allowed.
Please see https://chromedriver.chromium.org/security-considerations for suggestions on keeping ChromeDriver safe.
ChromeDriver was started successfully.
Jul 19, 2024 12:24:09 AM org.openqa.selenium.remote.ProtocolHandshake createSession
INFO: Detected dialect: W3C
Jul 19, 2024 12:24:09 AM org.openqa.selenium.remote.http.WebSocket$Listener onError
WARNING: Invalid Status code=403 text=Forbidden
java.io.IOException: Invalid Status code=403 text=Forbidden
	at org.asynchttpclient.netty.handler.WebSocketHandler.abort(WebSocketHandler.java:92)
	at org.asynchttpclient.netty.handler.WebSocketHandler.handleRead(WebSocketHandler.java:118)
	at org.asynchttpclient.netty.handler.AsyncHttpClientHandler.channelRead(AsyncHttpClientHandler.java:78)
	at io.netty.channel.AbstractChannelHandlerContext.invokeChannelRead(AbstractChannelHandlerContext.java:379)
	at io.netty.channel.AbstractChannelHandlerContext.invokeChannelRead(AbstractChannelHandlerContext.java:365)
	at io.netty.channel.AbstractChannelHandlerContext.fireChannelRead(AbstractChannelHandlerContext.java:357)
	at io.netty.channel.CombinedChannelDuplexHandler$DelegatingChannelHandlerContext.fireChannelRead(CombinedChannelDuplexHandler.java:436)
	at io.netty.handler.codec.ByteToMessageDecoder.fireChannelRead(ByteToMessageDecoder.java:324)
	at io.netty.handler.codec.ByteToMessageDecoder.fireChannelRead(ByteToMessageDecoder.java:311)
	at io.netty.handler.codec.ByteToMessageDecoder.callDecode(ByteToMessageDecoder.java:432)
	at io.netty.handler.codec.ByteToMessageDecoder.channelRead(ByteToMessageDecoder.java:276)
	at io.netty.channel.CombinedChannelDuplexHandler.channelRead(CombinedChannelDuplexHandler.java:251)
	at io.netty.channel.AbstractChannelHandlerContext.invokeChannelRead(AbstractChannelHandlerContext.java:379)
	at io.netty.channel.AbstractChannelHandlerContext.invokeChannelRead(AbstractChannelHandlerContext.java:365)
	at io.netty.channel.AbstractChannelHandlerContext.fireChannelRead(AbstractChannelHandlerContext.java:357)
	at io.netty.channel.DefaultChannelPipeline$HeadContext.channelRead(DefaultChannelPipeline.java:1410)
	at io.netty.channel.AbstractChannelHandlerContext.invokeChannelRead(AbstractChannelHandlerContext.java:379)
	at io.netty.channel.AbstractChannelHandlerContext.invokeChannelRead(AbstractChannelHandlerContext.java:365)
	at io.netty.channel.DefaultChannelPipeline.fireChannelRead(DefaultChannelPipeline.java:919)
	at io.netty.channel.nio.AbstractNioByteChannel$NioByteUnsafe.read(AbstractNioByteChannel.java:166)
	at io.netty.channel.nio.NioEventLoop.processSelectedKey(NioEventLoop.java:719)
	at io.netty.channel.nio.NioEventLoop.processSelectedKeysOptimized(NioEventLoop.java:655)
	at io.netty.channel.nio.NioEventLoop.processSelectedKeys(NioEventLoop.java:581)
	at io.netty.channel.nio.NioEventLoop.run(NioEventLoop.java:493)
	at io.netty.util.concurrent.SingleThreadEventExecutor$4.run(SingleThreadEventExecutor.java:986)
	at io.netty.util.internal.ThreadExecutorMap$2.run(ThreadExecutorMap.java:74)
	at io.netty.util.concurrent.FastThreadLocalRunnable.run(FastThreadLocalRunnable.java:30)
	at java.base/java.lang.Thread.run(Thread.java:1583)

]]></system-err>
  </testcase>
</testsuite>